[2026-02-03 08:45:46] Starting SEO Check...
[2026-02-03 08:45:46] Saved to /Users/tanakitchaithip/Desktop/Oracle/main/ψ/memory/logs/2026-02-03-seo.md (630 chars)
[2026-02-03 08:45:46] LINE response: {"message":"The property, 'messages[0].text', in the request body is invalid (line: 6, column: 110)"}
[2026-02-03 08:45:46] Done
[2026-02-03 09:53:19] Starting SEO Check...
[2026-02-03 09:53:19] Saved to /Users/tanakitchaithip/Desktop/Oracle/main/ψ/memory/logs/2026-02-03-seo.md (622 chars)
[2026-02-03 09:53:19] Done
[2026-02-03 09:57:58] Starting SEO Check...
[2026-02-03 09:57:58] Saved to /Users/tanakitchaithip/Desktop/Oracle/main/ψ/memory/logs/2026-02-03-seo.md (362 chars)
[2026-02-03 09:57:58] Done
[2026-02-03 10:05:19] Starting SEO Check...
[2026-02-03 10:05:19] Saved to /Users/tanakitchaithip/Desktop/Oracle/main/ψ/memory/logs/2026-02-03-seo.md
[2026-02-03 10:05:19] Done
[2026-02-03 10:09:16] Starting SEO Check...
[2026-02-03 10:09:16] Saved: 736 pages, 90 links
[2026-02-03 10:09:16] Done
[2026-02-03 10:09:41] Starting SEO Check...
[2026-02-03 10:09:41] Saved: 736 pages, 90 links
[2026-02-03 10:09:41] Done
[2026-02-03] Starting...
[2026-02-03] Done - Score: 70
[2026-02-03] Score: 70, Issues: 4
